[17:43:55] [ServerMain/INFO]: Environment: Environment[sessionHost=https://sessionserver.mojang.com, servicesHost=https://api.minecraftservices.com, name=PROD]
[17:43:56] [ServerMain/INFO]: Loaded 7 recipes
[17:43:57] [Server thread/INFO]: Starting minecraft server version 1.20.4
[17:43:57] [Server thread/INFO]: Loading properties
[17:43:57] [Server thread/INFO]: This server is running CraftBukkit version 4055-Spigot-e9ec548-ee685bd (MC: 1.20.4) (Implementing API version 1.20.4-R0.1-SNAPSHOT)
[17:43:57] [Server thread/INFO]: Server Ping Player Sample Count: 12
[17:43:57] [Server thread/INFO]: Using 4 threads for Netty based IO
[17:43:57] [Server thread/INFO]: Debug logging is disabled
[17:43:57] [Server thread/INFO]: Default game type: SURVIVAL
[17:43:57] [Server thread/INFO]: Generating keypair
[17:43:57] [Server thread/INFO]: Starting Minecraft server on *:25565
[17:43:58] [Server thread/INFO]: Using epoll channel type
[17:43:58] [Server thread/INFO]: [IronSight] Loading IronSight v1.0-SNAPSHOT
[17:43:58] [Server thread/INFO]: Preparing level "world"
[17:43:58] [Server thread/INFO]: -------- World Settings For [world] --------
[17:43:58] [Server thread/INFO]: View Distance: 10
[17:43:58] [Server thread/INFO]: Simulation Distance: 10
[17:43:58] [Server thread/INFO]: Item Despawn Rate: 6000
[17:43:58] [Server thread/INFO]: Item Merge Radius: 2.5
[17:43:58] [Server thread/INFO]: Allow Zombie Pigmen to spawn from portal blocks: true
[17:43:58] [Server thread/INFO]: Arrow Despawn Rate: 1200 Trident Respawn Rate:1200
[17:43:58] [Server thread/INFO]: Zombie Aggressive Towards Villager: true
[17:43:58] [Server thread/INFO]: Nerfing mobs spawned from spawners: false
[17:43:58] [Server thread/INFO]: Entity Activation Range: An 32 / Mo 32 / Ra 48 / Mi 16 / Tiv true / Isa false
[17:43:58] [Server thread/INFO]: Entity Tracking Range: Pl 48 / An 48 / Mo 48 / Mi 32 / Di 128 / Other 64
[17:43:58] [Server thread/INFO]: Hopper Transfer: 8 Hopper Check: 1 Hopper Amount: 1 Hopper Can Load Chunks: false
[17:43:58] [Server thread/INFO]: Custom Map Seeds:  Village: 10387312 Desert: 14357617 Igloo: 14357618 Jungle: 14357619 Swamp: 14357620 Monument: 10387313 Ocean: 14357621 Shipwreck: 165745295 End City: 10387313 Slime: 987234911 Nether: 30084232 Mansion: 10387319 Fossil: 14357921 Portal: 34222645
[17:43:58] [Server thread/INFO]: Mob Spawn Range: 6
[17:43:58] [Server thread/INFO]: Experience Merge Radius: 3.0
[17:43:58] [Server thread/INFO]: Cactus Growth Modifier: 100%
[17:43:58] [Server thread/INFO]: Cane Growth Modifier: 100%
[17:43:58] [Server thread/INFO]: Melon Growth Modifier: 100%
[17:43:58] [Server thread/INFO]: Mushroom Growth Modifier: 100%
[17:43:58] [Server thread/INFO]: Pumpkin Growth Modifier: 100%
[17:43:58] [Server thread/INFO]: Sapling Growth Modifier: 100%
[17:43:58] [Server thread/INFO]: Beetroot Growth Modifier: 100%
[17:43:58] [Server thread/INFO]: Carrot Growth Modifier: 100%
[17:43:58] [Server thread/INFO]: Potato Growth Modifier: 100%
[17:43:58] [Server thread/INFO]: Wheat Growth Modifier: 100%
[17:43:58] [Server thread/INFO]: NetherWart Growth Modifier: 100%
[17:43:58] [Server thread/INFO]: Vine Growth Modifier: 100%
[17:43:58] [Server thread/INFO]: Cocoa Growth Modifier: 100%
[17:43:58] [Server thread/INFO]: Bamboo Growth Modifier: 100%
[17:43:58] [Server thread/INFO]: SweetBerry Growth Modifier: 100%
[17:43:58] [Server thread/INFO]: Kelp Growth Modifier: 100%
[17:43:58] [Server thread/INFO]: TwistingVines Growth Modifier: 100%
[17:43:58] [Server thread/INFO]: WeepingVines Growth Modifier: 100%
[17:43:58] [Server thread/INFO]: CaveVines Growth Modifier: 100%
[17:43:58] [Server thread/INFO]: Max TNT Explosions: 100
[17:43:58] [Server thread/INFO]: Tile Max Tick Time: 50ms Entity max Tick Time: 50ms
[17:43:58] [Server thread/INFO]: -------- World Settings For [world_nether] --------
[17:43:58] [Server thread/INFO]: View Distance: 10
[17:43:58] [Server thread/INFO]: Simulation Distance: 10
[17:43:58] [Server thread/INFO]: Item Despawn Rate: 6000
[17:43:58] [Server thread/INFO]: Item Merge Radius: 2.5
[17:43:58] [Server thread/INFO]: Allow Zombie Pigmen to spawn from portal blocks: true
[17:43:58] [Server thread/INFO]: Arrow Despawn Rate: 1200 Trident Respawn Rate:1200
[17:43:58] [Server thread/INFO]: Zombie Aggressive Towards Villager: true
[17:43:58] [Server thread/INFO]: Nerfing mobs spawned from spawners: false
[17:43:58] [Server thread/INFO]: Entity Activation Range: An 32 / Mo 32 / Ra 48 / Mi 16 / Tiv true / Isa false
[17:43:58] [Server thread/INFO]: Entity Tracking Range: Pl 48 / An 48 / Mo 48 / Mi 32 / Di 128 / Other 64
[17:43:58] [Server thread/INFO]: Hopper Transfer: 8 Hopper Check: 1 Hopper Amount: 1 Hopper Can Load Chunks: false
[17:43:58] [Server thread/INFO]: Custom Map Seeds:  Village: 10387312 Desert: 14357617 Igloo: 14357618 Jungle: 14357619 Swamp: 14357620 Monument: 10387313 Ocean: 14357621 Shipwreck: 165745295 End City: 10387313 Slime: 987234911 Nether: 30084232 Mansion: 10387319 Fossil: 14357921 Portal: 34222645
[17:43:58] [Server thread/INFO]: Mob Spawn Range: 6
[17:43:58] [Server thread/INFO]: Experience Merge Radius: 3.0
[17:43:58] [Server thread/INFO]: Cactus Growth Modifier: 100%
[17:43:58] [Server thread/INFO]: Cane Growth Modifier: 100%
[17:43:58] [Server thread/INFO]: Melon Growth Modifier: 100%
[17:43:58] [Server thread/INFO]: Mushroom Growth Modifier: 100%
[17:43:58] [Server thread/INFO]: Pumpkin Growth Modifier: 100%
[17:43:58] [Server thread/INFO]: Sapling Growth Modifier: 100%
[17:43:58] [Server thread/INFO]: Beetroot Growth Modifier: 100%
[17:43:58] [Server thread/INFO]: Carrot Growth Modifier: 100%
[17:43:58] [Server thread/INFO]: Potato Growth Modifier: 100%
[17:43:58] [Server thread/INFO]: Wheat Growth Modifier: 100%
[17:43:58] [Server thread/INFO]: NetherWart Growth Modifier: 100%
[17:43:58] [Server thread/INFO]: Vine Growth Modifier: 100%
[17:43:58] [Server thread/INFO]: Cocoa Growth Modifier: 100%
[17:43:58] [Server thread/INFO]: Bamboo Growth Modifier: 100%
[17:43:58] [Server thread/INFO]: SweetBerry Growth Modifier: 100%
[17:43:58] [Server thread/INFO]: Kelp Growth Modifier: 100%
[17:43:58] [Server thread/INFO]: TwistingVines Growth Modifier: 100%
[17:43:58] [Server thread/INFO]: WeepingVines Growth Modifier: 100%
[17:43:58] [Server thread/INFO]: CaveVines Growth Modifier: 100%
[17:43:58] [Server thread/INFO]: Max TNT Explosions: 100
[17:43:58] [Server thread/INFO]: Tile Max Tick Time: 50ms Entity max Tick Time: 50ms
[17:43:59] [Server thread/INFO]: -------- World Settings For [world_the_end] --------
[17:43:59] [Server thread/INFO]: View Distance: 10
[17:43:59] [Server thread/INFO]: Simulation Distance: 10
[17:43:59] [Server thread/INFO]: Item Despawn Rate: 6000
[17:43:59] [Server thread/INFO]: Item Merge Radius: 2.5
[17:43:59] [Server thread/INFO]: Allow Zombie Pigmen to spawn from portal blocks: true
[17:43:59] [Server thread/INFO]: Arrow Despawn Rate: 1200 Trident Respawn Rate:1200
[17:43:59] [Server thread/INFO]: Zombie Aggressive Towards Villager: true
[17:43:59] [Server thread/INFO]: Nerfing mobs spawned from spawners: false
[17:43:59] [Server thread/INFO]: Entity Activation Range: An 32 / Mo 32 / Ra 48 / Mi 16 / Tiv true / Isa false
[17:43:59] [Server thread/INFO]: Entity Tracking Range: Pl 48 / An 48 / Mo 48 / Mi 32 / Di 128 / Other 64
[17:43:59] [Server thread/INFO]: Hopper Transfer: 8 Hopper Check: 1 Hopper Amount: 1 Hopper Can Load Chunks: false
[17:43:59] [Server thread/INFO]: Custom Map Seeds:  Village: 10387312 Desert: 14357617 Igloo: 14357618 Jungle: 14357619 Swamp: 14357620 Monument: 10387313 Ocean: 14357621 Shipwreck: 165745295 End City: 10387313 Slime: 987234911 Nether: 30084232 Mansion: 10387319 Fossil: 14357921 Portal: 34222645
[17:43:59] [Server thread/INFO]: Mob Spawn Range: 6
[17:43:59] [Server thread/INFO]: Experience Merge Radius: 3.0
[17:43:59] [Server thread/INFO]: Cactus Growth Modifier: 100%
[17:43:59] [Server thread/INFO]: Cane Growth Modifier: 100%
[17:43:59] [Server thread/INFO]: Melon Growth Modifier: 100%
[17:43:59] [Server thread/INFO]: Mushroom Growth Modifier: 100%
[17:43:59] [Server thread/INFO]: Pumpkin Growth Modifier: 100%
[17:43:59] [Server thread/INFO]: Sapling Growth Modifier: 100%
[17:43:59] [Server thread/INFO]: Beetroot Growth Modifier: 100%
[17:43:59] [Server thread/INFO]: Carrot Growth Modifier: 100%
[17:43:59] [Server thread/INFO]: Potato Growth Modifier: 100%
[17:43:59] [Server thread/INFO]: Wheat Growth Modifier: 100%
[17:43:59] [Server thread/INFO]: NetherWart Growth Modifier: 100%
[17:43:59] [Server thread/INFO]: Vine Growth Modifier: 100%
[17:43:59] [Server thread/INFO]: Cocoa Growth Modifier: 100%
[17:43:59] [Server thread/INFO]: Bamboo Growth Modifier: 100%
[17:43:59] [Server thread/INFO]: SweetBerry Growth Modifier: 100%
[17:43:59] [Server thread/INFO]: Kelp Growth Modifier: 100%
[17:43:59] [Server thread/INFO]: TwistingVines Growth Modifier: 100%
[17:43:59] [Server thread/INFO]: WeepingVines Growth Modifier: 100%
[17:43:59] [Server thread/INFO]: CaveVines Growth Modifier: 100%
[17:43:59] [Server thread/INFO]: Max TNT Explosions: 100
[17:43:59] [Server thread/INFO]: Tile Max Tick Time: 50ms Entity max Tick Time: 50ms
[17:43:59] [Server thread/INFO]: Preparing start region for dimension minecraft:overworld
[17:44:00] [Worker-Main-9/INFO]: Preparing spawn area: 0%
[17:44:00] [Worker-Main-1/INFO]: Preparing spawn area: 0%
[17:44:00] [Worker-Main-1/INFO]: Preparing spawn area: 0%
[17:44:00] [Worker-Main-4/INFO]: Preparing spawn area: 0%
[17:44:01] [Worker-Main-5/INFO]: Preparing spawn area: 4%
[17:44:01] [Server thread/INFO]: Time elapsed: 2424 ms
[17:44:01] [Server thread/INFO]: Preparing start region for dimension minecraft:the_nether
[17:44:02] [Worker-Main-3/INFO]: Preparing spawn area: 0%
[17:44:02] [Worker-Main-6/INFO]: Preparing spawn area: 0%
[17:44:02] [Worker-Main-6/INFO]: Preparing spawn area: 5%
[17:44:03] [Worker-Main-2/INFO]: Preparing spawn area: 55%
[17:44:03] [Worker-Main-3/INFO]: Preparing spawn area: 68%
[17:44:04] [Worker-Main-4/INFO]: Preparing spawn area: 76%
[17:44:04] [Worker-Main-6/INFO]: Preparing spawn area: 83%
[17:44:05] [Worker-Main-11/INFO]: Preparing spawn area: 88%
[17:44:05] [Worker-Main-10/INFO]: Preparing spawn area: 97%
[17:44:05] [Server thread/INFO]: Time elapsed: 4134 ms
[17:44:05] [Server thread/INFO]: Preparing start region for dimension minecraft:the_end
[17:44:06] [Worker-Main-9/INFO]: Preparing spawn area: 0%
[17:44:06] [Worker-Main-2/INFO]: Preparing spawn area: 0%
[17:44:06] [Worker-Main-10/INFO]: Preparing spawn area: 54%
[17:44:07] [Server thread/INFO]: Time elapsed: 1416 ms
[17:44:07] [Server thread/INFO]: [IronSight] Enabling IronSight v1.0-SNAPSHOT
[17:44:07] [Server thread/INFO]: Iron Sight plugin starting....
[17:44:07] [Server thread/INFO]: Loading all Events.
[17:44:07] [Server thread/INFO]: Events loaded!
[17:44:07] [Server thread/INFO]: Loading all commands.
[17:44:07] [Server thread/INFO]: Commands loaded!
[17:44:07] [Server thread/INFO]: loading all icons
[17:44:07] [Server thread/INFO]: Icons loaded
[17:44:07] [Server thread/INFO]: Loading custom items
[17:44:07] [Server thread/INFO]: custom items loaded
[17:44:07] [Server thread/INFO]: Loading all locations
[17:44:07] [Server thread/INFO]: Oil field has begun drilling...
[17:44:07] [Server thread/INFO]: Locations loaded
[17:44:07] [Server thread/INFO]: Brewing load complete.
[17:44:07] [Server thread/INFO]: Loading contracts!
[17:44:07] [Server thread/INFO]: Contracts loaded!
[17:44:07] [Server thread/INFO]: Contracts loaded!
[17:44:07] [Server thread/INFO]: Iron Sight successfully loaded!
[17:44:07] [Server thread/INFO]: §fGlass Bottle
[17:44:07] [Server thread/INFO]: §fBrown Stew
[17:44:07] [Server thread/INFO]: §fCharred Potato
[17:44:07] [Server thread/INFO]: §fBandage
[17:44:07] [Server thread/INFO]: §fCharred Potato
[17:44:07] [Server thread/INFO]: §fBrown Stew
[17:44:07] [Server thread/INFO]: §fRifle Ammo
[17:44:07] [Server thread/INFO]: §fShotgun Ammo
[17:44:07] [Server thread/INFO]: §fCharred Potato
[17:44:07] [Server thread/INFO]: §fSplint
[17:44:07] [Server thread/INFO]: §fBrown Stew
[17:44:07] [Server thread/INFO]: §fSplint
[17:44:07] [Server thread/INFO]: §fBandage
[17:44:07] [Server thread/INFO]: §fShotgun Ammo
[17:44:07] [Server thread/INFO]: §fBrown Stew
[17:44:07] [Server thread/INFO]: §fRifle Ammo
[17:44:07] [Server thread/INFO]: §fRifle Ammo
[17:44:07] [Server thread/INFO]: §fBrown Stew
[17:44:07] [Server thread/INFO]: §fBrown Stew
[17:44:07] [Server thread/INFO]: §fRifle Ammo
[17:44:07] [Server thread/INFO]: §fShotgun Ammo
[17:44:07] [Server thread/INFO]: §fGlass Bottle
[17:44:07] [Server thread/INFO]: §fBrown Stew
[17:44:07] [Server thread/INFO]: §fBrown Stew
[17:44:07] [Server thread/INFO]: §fSplint
[17:44:07] [Server thread/INFO]: §fBandage
[17:44:07] [Server thread/INFO]: §fCharred Potato
[17:44:07] [Server thread/INFO]: §fBandage
[17:44:07] [Server thread/INFO]: §fSplint
[17:44:07] [Server thread/INFO]: §fCharred Potato
[17:44:07] [Server thread/INFO]: §fCharred Potato
[17:44:07] [Server thread/INFO]: §fShotgun Ammo
[17:44:07] [Server thread/INFO]: §fBandage
[17:44:07] [Server thread/INFO]: §fRifle Ammo
[17:44:07] [Server thread/INFO]: §fCharred Potato
[17:44:07] [Server thread/INFO]: §fGlass Bottle
[17:44:07] [Server thread/INFO]: §fBandage
[17:44:07] [Server thread/INFO]: §fSplint
[17:44:07] [Server thread/INFO]: §fSplint
[17:44:07] [Server thread/INFO]: §fShotgun Ammo
[17:44:07] [Server thread/INFO]: §fBrown Stew
[17:44:07] [Server thread/INFO]: §fBrown Stew
[17:44:07] [Server thread/INFO]: §fGlass Bottle
[17:44:07] [Server thread/INFO]: §fGlass Bottle
[17:44:07] [Server thread/INFO]: §fCharred Potato
[17:44:07] [Server thread/INFO]: §fBrown Stew
[17:44:07] [Server thread/INFO]: §fRifle Ammo
[17:44:07] [Server thread/INFO]: §fBrown Stew
[17:44:07] [Server thread/INFO]: §fBrown Stew
[17:44:07] [Server thread/INFO]: §fGlass Bottle
[17:44:07] [Server thread/INFO]: §fGlass Bottle
[17:44:07] [Server thread/INFO]: §fBrown Stew
[17:44:07] [Server thread/INFO]: §fCharred Potato
[17:44:07] [Server thread/INFO]: §fBandage
[17:44:07] [Server thread/INFO]: §fBrown Stew
[17:44:07] [Server thread/INFO]: §fBandage
[17:44:07] [Server thread/INFO]: §fGlass Bottle
[17:44:07] [Server thread/INFO]: §fSplint
[17:44:07] [Server thread/INFO]: §fRifle Ammo
[17:44:07] [Server thread/INFO]: §fBandage
[17:44:07] [Server thread/INFO]: §fBandage
[17:44:07] [Server thread/INFO]: §fBrown Stew
[17:44:07] [Server thread/INFO]: §fBrown Stew
[17:44:07] [Server thread/INFO]: §fBrown Stew
[17:44:07] [Server thread/INFO]: §fSplint
[17:44:07] [Server thread/INFO]: §fBrown Stew
[17:44:07] [Server thread/INFO]: §fBrown Stew
[17:44:07] [Server thread/INFO]: §fBrown Stew
[17:44:07] [Server thread/INFO]: §fRifle Ammo
[17:44:07] [Server thread/INFO]: §fBrown Stew
[17:44:07] [Server thread/INFO]: §fShotgun Ammo
[17:44:07] [Server thread/INFO]: §fRifle Ammo
[17:44:07] [Server thread/INFO]: §fBrown Stew
[17:44:07] [Server thread/INFO]: §fBrown Stew
[17:44:07] [Server thread/INFO]: §fGlass Bottle
[17:44:07] [Server thread/INFO]: §fSplint
[17:44:07] [Server thread/INFO]: §fBandage
[17:44:07] [Server thread/INFO]: §fCharred Potato
[17:44:07] [Server thread/INFO]: §fShotgun Ammo
[17:44:07] [Server thread/INFO]: §fBrown Stew
[17:44:07] [Server thread/INFO]: §fBrown Stew
[17:44:07] [Server thread/INFO]: §fShotgun Ammo
[17:44:07] [Server thread/INFO]: §fRifle Ammo
[17:44:07] [Server thread/INFO]: §fBandage
[17:44:07] [Server thread/INFO]: §fCharred Potato
[17:44:07] [Server thread/INFO]: §fRifle Ammo
[17:44:07] [Server thread/INFO]: §fSplint
[17:44:07] [Server thread/INFO]: §fBrown Stew
[17:44:07] [Server thread/INFO]: §fBandage
[17:44:07] [Server thread/INFO]: §fGlass Bottle
[17:44:07] [Server thread/INFO]: §fBandage
[17:44:07] [Server thread/INFO]: §fCharred Potato
[17:44:07] [Server thread/INFO]: §fRifle Ammo
[17:44:07] [Server thread/INFO]: §fShotgun Ammo
[17:44:07] [Server thread/INFO]: §fShotgun Ammo
[17:44:07] [Server thread/INFO]: §fBandage
[17:44:07] [Server thread/INFO]: §fBrown Stew
[17:44:07] [Server thread/INFO]: §fRifle Ammo
[17:44:07] [Server thread/INFO]: §fShotgun Ammo
[17:44:07] [Server thread/INFO]: §fBandage
[17:44:07] [Server thread/INFO]: Server permissions file permissions.yml is empty, ignoring it
[17:44:07] [Server thread/INFO]: Done (9.261s)! For help, type "help"
[17:44:17] [Thread-2/INFO]: Stopping server
[17:44:17] [Thread-2/INFO]: Saving players
